<?xml version="1.0" encoding="UTF-8"?>
<testng-results skipped="0" failed="0" ignored="0" total="1" passed="1">
  <reporter-output>
  </reporter-output>
  <suite name="Default suite" duration-ms="28" started-at="2017-10-16T12:53:10Z" finished-at="2017-10-16T12:53:10Z">
    <groups>
    </groups>
    <test name="Default test" duration-ms="28" started-at="2017-10-16T12:53:10Z" finished-at="2017-10-16T12:53:10Z">
      <class name="TestngDemo">
        <test-method status="PASS" signature="testngdemo1()[pri:0, instance:TestngDemo@3c756e4d]" name="testngdemo1" duration-ms="11" started-at="2017-10-16T18:23:10Z" finished-at="2017-10-16T18:23:10Z">
          <reporter-output>
          </reporter-output>
        </test-method> <!-- testngdemo1 -->
      </class> <!-- TestngDemo -->
    </test> <!-- Default test -->
  </suite> <!-- Default suite -->
</testng-results>
